0 info it worked if it ends with ok
1 verbose cli [ '/usr/local/bin/node', '/usr/local/bin/npm', 'publish' ]
2 info using npm@3.10.3
3 info using node@v6.3.1
4 verbose publish [ '.' ]
5 silly cache add args [ '.', null ]
6 verbose cache add spec .
7 silly cache add parsed spec Result {
7 silly cache add   raw: '.',
7 silly cache add   scope: null,
7 silly cache add   escapedName: null,
7 silly cache add   name: null,
7 silly cache add   rawSpec: '.',
7 silly cache add   spec: '/Users/josep/Documents/js/nexo',
7 silly cache add   type: 'directory' }
8 verbose addLocalDirectory /Users/josep/.npm/nexo/0.0.6/package.tgz not in flight; packing
9 verbose correctMkdir /Users/josep/.npm correctMkdir not in flight; initializing
10 info lifecycle nexo@0.0.6~prepublish: nexo@0.0.6
11 silly lifecycle nexo@0.0.6~prepublish: no script for prepublish, continuing
12 verbose tar pack [ '/Users/josep/.npm/nexo/0.0.6/package.tgz',
12 verbose tar pack   '/Users/josep/Documents/js/nexo' ]
13 verbose tarball /Users/josep/.npm/nexo/0.0.6/package.tgz
14 verbose folder /Users/josep/Documents/js/nexo
15 verbose addLocalTarball adding from inside cache /Users/josep/.npm/nexo/0.0.6/package.tgz
16 verbose correctMkdir /Users/josep/.npm correctMkdir not in flight; initializing
17 silly cache afterAdd nexo@0.0.6
18 verbose afterAdd /Users/josep/.npm/nexo/0.0.6/package/package.json not in flight; writing
19 verbose correctMkdir /Users/josep/.npm correctMkdir not in flight; initializing
20 verbose afterAdd /Users/josep/.npm/nexo/0.0.6/package/package.json written
21 silly publish { name: 'nexo',
21 silly publish   version: '0.0.6',
21 silly publish   description: 'Lightweight components for javascript',
21 silly publish   main: 'nexo.js',
21 silly publish   scripts: { test: 'echo "Error: no test specified" && exit 1' },
21 silly publish   repository: { type: 'git', url: 'git+https://github.com/warlock/nexo.git' },
21 silly publish   keywords: [],
21 silly publish   author: '',
21 silly publish   license: 'ISC',
21 silly publish   bugs: { url: 'https://github.com/warlock/nexo/issues' },
21 silly publish   homepage: 'https://github.com/warlock/nexo#readme',
21 silly publish   readme: '# nexo\n>A lightweight framework for creating web components in **Javascript**\n\nhttps://www.npmjs.com/package/nexo\n\n###Documentation\nhttps://warlock.gitbooks.io/nexo/content\n\n###Install\n```sh\nnpm install nexo\n```\n\n###Import module for Node.js:\n```javascript\nvar n = require("nexo");\n```\n\n###Browser import:\n```html\n<script src="nexo/nexo.js"></script>\n<script>\nn.ready(function () {\n  console.log("DOM loaded")\n})\n</script>\n```\n\n## License\nAll the code here is under MIT license. Which means you could do virtually anything with the code.\nI will appreciate it very much if you keep an attribution where appropriate.\n\nThe MIT License (MIT)\nCopyright (c) 2015 Josep Subils Rigau (josep@spellbook.io)\n\nPermission is hereby granted, free of charge, to any person obtaining a copy of this software and associated documentation files (the "Software"), to deal in the Software without restriction, including without limitation the rights to use, copy, modify, merge, publish, distribute, sublicense, and/or sell copies of the Software, and to permit persons to whom the Software is furnished to do so, subject to the following conditions:\n\nThe above copyright notice and this permission notice shall be included in all copies or substantial portions of the Software.\n\nTHE SOFTWARE IS PROVIDED "AS IS", WITHOUT WARRANTY OF ANY KIND, EXPRESS OR IMPLIED, INCLUDING BUT NOT LIMITED TO THE WARRANTIES OF MERCHANTABILITY, FITNESS FOR A PARTICULAR PURPOSE AND NONINFRINGEMENT. IN NO EVENT SHALL THE AUTHORS OR COPYRIGHT HOLDERS BE LIABLE FOR ANY CLAIM, DAMAGES OR OTHER LIABILITY, WHETHER IN AN ACTION OF CONTRACT, TORT OR OTHERWISE, ARISING FROM, OUT OF OR IN CONNECTION WITH THE SOFTWARE OR THE USE OR OTHER DEALINGS IN THE SOFTWARE.',
21 silly publish   readmeFilename: 'README.md',
21 silly publish   gitHead: 'ef1c5d72295545bc35ef665f95a58be3dc039611',
21 silly publish   _id: 'nexo@0.0.6',
21 silly publish   _shasum: '5fc7b54b573249225c42a0095b20d5f8d3094f3b',
21 silly publish   _from: '.' }
22 verbose getPublishConfig undefined
23 silly mapToRegistry name nexo
24 silly mapToRegistry using default registry
25 silly mapToRegistry registry https://registry.npmjs.org/
26 silly mapToRegistry data Result {
26 silly mapToRegistry   raw: 'nexo',
26 silly mapToRegistry   scope: null,
26 silly mapToRegistry   escapedName: 'nexo',
26 silly mapToRegistry   name: 'nexo',
26 silly mapToRegistry   rawSpec: '',
26 silly mapToRegistry   spec: 'latest',
26 silly mapToRegistry   type: 'tag' }
27 silly mapToRegistry uri https://registry.npmjs.org/nexo
28 verbose publish registryBase https://registry.npmjs.org/
29 silly publish uploading /Users/josep/.npm/nexo/0.0.6/package.tgz
30 verbose request uri https://registry.npmjs.org/nexo
31 verbose request sending authorization for write operation
32 info attempt registry request try #1 at 01:02:56
33 verbose request using bearer token for auth
34 verbose request id acf6724589c57643
35 http request PUT https://registry.npmjs.org/nexo
36 http 403 https://registry.npmjs.org/nexo
37 verbose headers { 'content-type': 'application/json',
37 verbose headers   'cache-control': 'max-age=300',
37 verbose headers   'content-length': '95',
37 verbose headers   'accept-ranges': 'bytes',
37 verbose headers   date: 'Fri, 22 Jul 2016 23:02:58 GMT',
37 verbose headers   via: '1.1 varnish',
37 verbose headers   connection: 'keep-alive',
37 verbose headers   'x-served-by': 'cache-fra1235-FRA',
37 verbose headers   'x-cache': 'MISS',
37 verbose headers   'x-cache-hits': '0',
37 verbose headers   'x-timer': 'S1469228577.537646,VS0,VE1028',
37 verbose headers   vary: 'Accept-Encoding' }
38 verbose request invalidating /Users/josep/.npm/registry.npmjs.org/nexo on PUT
39 error publish Failed PUT 403
40 verbose stack Error: "You cannot publish over the previously published version 0.0.6." : nexo
40 verbose stack     at makeError (/usr/local/lib/node_modules/npm/node_modules/npm-registry-client/lib/request.js:264:12)
40 verbose stack     at CachingRegistryClient.<anonymous> (/usr/local/lib/node_modules/npm/node_modules/npm-registry-client/lib/request.js:252:14)
40 verbose stack     at Request._callback (/usr/local/lib/node_modules/npm/node_modules/npm-registry-client/lib/request.js:172:14)
40 verbose stack     at Request.self.callback (/usr/local/lib/node_modules/npm/node_modules/request/request.js:200:22)
40 verbose stack     at emitTwo (events.js:106:13)
40 verbose stack     at Request.emit (events.js:191:7)
40 verbose stack     at Request.<anonymous> (/usr/local/lib/node_modules/npm/node_modules/request/request.js:1067:10)
40 verbose stack     at emitOne (events.js:101:20)
40 verbose stack     at Request.emit (events.js:188:7)
40 verbose stack     at IncomingMessage.<anonymous> (/usr/local/lib/node_modules/npm/node_modules/request/request.js:988:12)
41 verbose statusCode 403
42 verbose pkgid nexo
43 verbose cwd /Users/josep/Documents/js/nexo
44 error Darwin 15.6.0
45 error argv "/usr/local/bin/node" "/usr/local/bin/npm" "publish"
46 error node v6.3.1
47 error npm  v3.10.3
48 error code E403
49 error "You cannot publish over the previously published version 0.0.6." : nexo
50 error If you need help, you may report this error at:
50 error     <https://github.com/npm/npm/issues>
51 verbose exit [ 1, true ]
